{
  "RSpec": {
    "coverage": {
      "/home/ges/Desktop/each/SI/6sem/esi/projeto_esi/spec/requests/home_spec.rb": [
        1,
        null,
        1,
        1,
        1,
        1,
        1,
        null,
        null,
        null
      ],
      "/home/ges/Desktop/each/SI/6sem/esi/projeto_esi/spec/rails_helper.rb": [
        null,
        1,
        1,
        1,
        null,
        1,
        1,
        null,
        null,
        null,
        null,
        null,
        null,
        null,
        null,
        null,
        null,
        null,
        null,
        null,
        null,
        null,
        null,
        null,
        null,
        null,
        null,
        1,
        null,
        0,
        0,
        null,
        1,
        null,
        1,
        null,
        null,
        null,
        null,
        1,
        null,
        null,
        null,
        null,
        null,
        null,
        null,
        null,
        null,
        null,
        null,
        null,
        null,
        null,
        null,
        null,
        null,
        1,
        null,
        null,
        1,
        null,
        null,
        null
      ],
      "/home/ges/Desktop/each/SI/6sem/esi/projeto_esi/config/environment.rb": [
        null,
        1,
        null,
        null,
        1
      ],
      "/home/ges/Desktop/each/SI/6sem/esi/projeto_esi/config/application.rb": [
        1,
        null,
        1,
        null,
        null,
        null,
        1,
        null,
        1,
        1,
        null,
        1,
        null,
        null,
        null,
        null,
        null,
        null,
        null,
        null,
        null,
        null
      ],
      "/home/ges/Desktop/each/SI/6sem/esi/projeto_esi/config/boot.rb": [
        1,
        null,
        1,
        1
      ],
      "/home/ges/Desktop/each/SI/6sem/esi/projeto_esi/config/environments/test.rb": [
        1,
        null,
        null,
        null,
        null,
        null,
        null,
        1,
        null,
        1,
        1,
        null,
        null,
        null,
        null,
        1,
        null,
        null,
        null,
        null,
        1,
        null,
        null,
        1,
        1,
        null,
        null,
        null,
        null,
        1,
        1,
        1,
        null,
        null,
        1,
        null,
        null,
        1,
        null,
        null,
        1,
        null,
        1,
        null,
        null,
        null,
        null,
        1,
        null,
        null,
        1,
        null,
        null,
        1,
        null,
        null,
        1,
        null,
        null,
        null,
        null,
        null,
        null,
        null
      ],
      "/home/ges/Desktop/each/SI/6sem/esi/projeto_esi/config/initializers/assets.rb": [
        null,
        null,
        null,
        1,
        null,
        null,
        null,
        null,
        null,
        null,
        null,
        null
      ],
      "/home/ges/Desktop/each/SI/6sem/esi/projeto_esi/config/initializers/content_security_policy.rb": [
        null,
        null,
        null,
        null,
        null,
        null,
        null,
        null,
        null,
        null,
        null,
        null,
        null,
        null,
        null,
        null,
        null,
        null,
        null,
        null,
        null,
        null,
        null,
        null,
        null
      ],
      "/home/ges/Desktop/each/SI/6sem/esi/projeto_esi/config/initializers/filter_parameter_logging.rb": [
        null,
        null,
        null,
        null,
        null,
        1,
        null,
        null
      ],
      "/home/ges/Desktop/each/SI/6sem/esi/projeto_esi/config/initializers/inflections.rb": [
        null,
        null,
        null,
        null,
        null,
        null,
        null,
        null,
        null,
        null,
        null,
        null,
        null,
        null,
        null,
        null
      ],
      "/home/ges/Desktop/each/SI/6sem/esi/projeto_esi/config/initializers/permissions_policy.rb": [
        null,
        null,
        null,
        null,
        null,
        null,
        null,
        null,
        null,
        null,
        null
      ],
      "/home/ges/Desktop/each/SI/6sem/esi/projeto_esi/config/routes.rb": [
        1,
        1,
        null
      ],
      "/home/ges/Desktop/each/SI/6sem/esi/projeto_esi/app/helpers/application_helper.rb": [
        1,
        null
      ],
      "/home/ges/Desktop/each/SI/6sem/esi/projeto_esi/app/helpers/home_helper.rb": [
        null,
        1,
        null
      ],
      "/home/ges/Desktop/each/SI/6sem/esi/projeto_esi/app/helpers/posts_helper.rb": [
        null,
        1,
        null
      ],
      "/home/ges/Desktop/each/SI/6sem/esi/projeto_esi/app/controllers/home_controller.rb": [
        null,
        1,
        1,
        null
      ],
      "/home/ges/Desktop/each/SI/6sem/esi/projeto_esi/app/controllers/application_controller.rb": [
        1,
        null
      ]
    },
    "timestamp": 1664214500
  }
}
